#
# A fatal error has been detected by the Java Runtime Environment:
#
#  EXCEPTION_ACCESS_VIOLATION (0xc0000005) at pc=0x0000020abf6e93d0, pid=3184, tid=17912
#
# JRE version: Java(TM) SE Runtime Environment (19.0.1+10) (build 19.0.1+10-21)
# Java VM: Java HotSpot(TM) 64-Bit Server VM (19.0.1+10-21, mixed mode, sharing, tiered, compressed oops, compressed class ptrs, g1 gc, windows-amd64)
# Problematic frame:
# v  ~BufferBlob::MethodHandles adapters 0x0000020abf6e93d0
#
# No core dump will be written. Minidumps are not enabled by default on client versions of Windows
#
# If you would like to submit a bug report, please visit:
#   https://bugreport.java.com/bugreport/crash.jsp
#

---------------  S U M M A R Y ------------

Command Line: -XX:+ShowCodeDetailsInExceptionMessages -agentlib:jdwp=transport=dt_socket,suspend=y,address=localhost:55793 -ea -javaagent:C:\Users\user\eclipse\jee-2022-12\eclipse\configuration\org.eclipse.osgi\420\0\.cp\lib\javaagent-shaded.jar -Dfile.encoding=UTF-8 org.eclipse.jdt.internal.junit.runner.RemoteTestRunner -version 3 -port 55792 -testLoaderClass org.eclipse.jdt.internal.junit5.runner.JUnit5TestLoader -loaderpluginname org.eclipse.jdt.junit5.runtime -classNames entities.ProdutoTest

Host: Intel(R) Core(TM) i5-10400F CPU @ 2.90GHz, 12 cores, 15G,  Windows 11 , 64 bit Build 22621 (10.0.22621.1778)
Time: Sun Jul 16 21:49:17 2023 Hora oficial do Brasil elapsed time: 14.164097 seconds (0d 0h 0m 14s)

---------------  T H R E A D  ---------------

Current thread (0x0000020ab01e96a0):  JavaThread "main" [_thread_in_Java, id=17912, stack(0x0000003a84100000,0x0000003a84200000)]

Stack: [0x0000003a84100000,0x0000003a84200000],  sp=0x0000003a841fcf18,  free space=1011k
Native frames: (J=compiled Java code, j=interpreted, Vv=VM code, C=native code)
C  0x0000020abf6e93d0


siginfo: EXCEPTION_ACCESS_VIOLATION (0xc0000005), reading address 0xffffffffffffffff


Registers:
RAX=0x0000020abf69c11a, RBX=0xe2229be900000000, RCX=0x0000003a841fcf20, RDX=0x0000000000000002
RSP=0x0000003a841fcf18, RBP=0x0000003a841fcf68, RSI=0x0000020ad8980a78, RDI=0x0000020ad89bdce0
R8 =0x0000000000000002, R9 =0x0000000000000002, R10=0x0000000800000000, R11=0x00000008000da100
R12=0x0000000000000000, R13=0x0000003a841fcf18, R14=0x0000003a841fcf88, R15=0x0000020ab01e96a0
RIP=0x0000020abf6e93d0, EFLAGS=0x0000000000010202


Register to memory mapping:

RIP=0x0000020abf6e93d0 is at begin+68 in a stub
MethodHandle::interpreter_entry::_linkToSpecial [0x0000020abf6e938c, 0x0000020abf6e93db] (79 bytes)
RAX=0x0000020abf69c11a is at code_begin+3354 in an Interpreter codelet
return entry points  [0x0000020abf69b400, 0x0000020abf69d4d0]  8400 bytes
RBX=0xe2229be900000000 is an unknown value
RCX=0x0000003a841fcf20 is pointing into the stack for thread: 0x0000020ab01e96a0
RDX=0x0000000000000002 is an unknown value
RSP=0x0000003a841fcf18 is pointing into the stack for thread: 0x0000020ab01e96a0
RBP=0x0000003a841fcf68 is pointing into the stack for thread: 0x0000020ab01e96a0
RSI=0x0000020ad8980a78 points into unknown readable memory: 0x80002116f95d1fcb | cb 1f 5d f9 16 21 00 80
RDI=0x0000020ad89bdce0 points into unknown readable memory: 0x0000001800000070 | 70 00 00 00 18 00 00 00
R8 =0x0000000000000002 is an unknown value
R9 =0x0000000000000002 is an unknown value
R10=0x0000000800000000 is pointing into metadata
R11={method} {0x00000008000da108} 'newInvokeSpecial' '(Ljava/lang/Object;)Ljava/lang/Object;' in 'java/lang/invoke/DirectMethodHandle$Holder'
R12=0x0 is NULL
R13=0x0000003a841fcf18 is pointing into the stack for thread: 0x0000020ab01e96a0
R14=0x0000003a841fcf88 is pointing into the stack for thread: 0x0000020ab01e96a0
R15=0x0000020ab01e96a0 is a thread


Top of Stack: (sp=0x0000003a841fcf18)
0x0000003a841fcf18:   0000020abf69c11a 0000003a841fcf20
0x0000003a841fcf28:   0000000800739cef 0000003a841fcf88
0x0000003a841fcf38:   00000008000d55c8 0000020ad430e880
0x0000003a841fcf48:   0000000710610e40 00000008000da100
0x0000003a841fcf58:   0000003a841fcf18 0000003a841fcf90
0x0000003a841fcf68:   0000003a841fd078 0000020ab83dc026
0x0000003a841fcf78:   000000071114de50 000000071114def8
0x0000003a841fcf88:   000000071114deb0 0000003a841fcff8
0x0000003a841fcf98:   0000020abf69c61a 000000071114deb0
0x0000003a841fcfa8:   000000071114dee0 0000003a841fcfb0
0x0000003a841fcfb8:   0000000800863fc6 000000071114dee0
0x0000003a841fcfc8:   0000000000000000 000000071114deb0
0x0000003a841fcfd8:   000000071060dc90 0000003a841fd038
0x0000003a841fcfe8:   000000080004f5d8 0000020ab83dbe0c
0x0000003a841fcff8:   00000007107462d8 0000003a841fd078
0x0000003a841fd008:   0000020abf69c61a 0000003a841fd030 

Instructions: (pc=0x0000020abf6e93d0)
0x0000020abf6e92d0:   bf f8 04 00 00 00 74 03 ff 63 38 ff 63 50 e9 1d
0x0000020abf6e92e0:   ac fd ff 66 66 66 0f 1f 84 00 00 00 00 00 66 66
0x0000020abf6e92f0:   66 90 66 66 0f 1f 84 00 00 00 00 00 66 66 66 90
0x0000020abf6e9300:   48 8b 53 08 0f b7 52 2c 48 8b 0c d4 58 5b 50 44
0x0000020abf6e9310:   8b 51 08 49 bb 00 00 00 00 08 00 00 00 4d 03 d3
0x0000020abf6e9320:   4c 8b 5b 10 4b 8b 9c da b8 01 00 00 48 85 db 0f
0x0000020abf6e9330:   84 10 00 00 00 41 80 bf f8 04 00 00 00 74 03 ff
0x0000020abf6e9340:   63 38 ff 63 50 e9 b6 ab fd ff 66 66 66 0f 1f 84
0x0000020abf6e9350:   00 00 00 00 00 66 66 66 90 0f 1f 80 00 00 00 00
0x0000020abf6e9360:   58 5b 50 8b 5b 24 48 c1 e3 03 48 8b 5b 10 48 85
0x0000020abf6e9370:   db 0f 84 10 00 00 00 41 80 bf f8 04 00 00 00 74
0x0000020abf6e9380:   03 ff 63 38 ff 63 50 e9 74 ab fd ff 66 66 66 0f
0x0000020abf6e9390:   1f 84 00 00 00 00 00 66 66 66 90 0f 1f 44 00 00
0x0000020abf6e93a0:   48 8b 53 08 0f b7 52 2c 48 8b 0c d4 58 5b 50 48
0x0000020abf6e93b0:   3b 01 8b 5b 24 48 c1 e3 03 48 8b 5b 10 48 85 db
0x0000020abf6e93c0:   0f 84 10 00 00 00 41 80 bf f8 04 00 00 00 74 03
0x0000020abf6e93d0:   ff 63 38 ff 63 50 e9 25 ab fd ff 0f 1f 44 00 00
0x0000020abf6e93e0:   48 8b 53 08 0f b7 52 2c 48 8b 0c d4 58 5b 50 44
0x0000020abf6e93f0:   8b 51 08 49 bb 00 00 00 00 08 00 00 00 4d 03 d3
0x0000020abf6e9400:   8b 43 18 48 c1 e0 03 48 8b 40 10 48 8b 5b 10 45
0x0000020abf6e9410:   8b 9a a0 00 00 00 4f 8d 9c da b8 01 00 00 4d 8d
0x0000020abf6e9420:   14 da 49 8b 1b 48 3b c3 74 15 48 85 db 0f 84 32
0x0000020abf6e9430:   00 00 00 49 83 c3 10 49 8b 1b 48 3b c3 75 eb 45
0x0000020abf6e9440:   8b 5b 08 4b 8b 1c 1a 48 85 db 0f 84 10 00 00 00
0x0000020abf6e9450:   41 80 bf f8 04 00 00 00 74 03 ff 63 38 ff 63 50
0x0000020abf6e9460:   e9 9b aa fd ff e9 16 f8 ff ff f4 00 00 00 00 00
0x0000020abf6e9470:   00 00 00 00 00 00 00 00 00 00 00 00 00 00 00 00
0x0000020abf6e9480:   00 00 00 00 00 00 00 00 00 00 00 00 00 00 00 00
0x0000020abf6e9490:   00 00 00 00 00 00 00 00 00 00 00 00 00 00 00 00
0x0000020abf6e94a0:   00 00 00 00 00 00 00 00 00 00 00 00 00 00 00 00
0x0000020abf6e94b0:   00 00 00 00 00 00 00 00 00 00 00 00 00 00 00 00
0x0000020abf6e94c0:   00 00 00 00 00 00 00 00 00 00 00 00 00 00 00 00 


Stack slot to memory mapping:
stack at sp + 0 slots: 0x0000020abf69c11a is at code_begin+3354 in an Interpreter codelet
return entry points  [0x0000020abf69b400, 0x0000020abf69d4d0]  8400 bytes
stack at sp + 1 slots: 0x0000003a841fcf20 is pointing into the stack for thread: 0x0000020ab01e96a0
stack at sp + 2 slots: 0x0000000800739cef is pointing into metadata
stack at sp + 3 slots: 0x0000003a841fcf88 is pointing into the stack for thread: 0x0000020ab01e96a0
stack at sp + 4 slots: 0x00000008000d55c8 is pointing into metadata
stack at sp + 5 slots: 0x0000020ad430e880 is pointing into metadata
stack at sp + 6 slots: 0x0000000710610e40 is an oop: java.lang.Class 
{0x0000000710610e40} - klass: 'java/lang/Class'
 - ---- fields (total size 14 words):
 - private volatile transient 'classRedefinedCount' 'I' @12  0
 - abstract internal 'klass' 'J' @16  34360611240 (d51a8 8)
 - abstract internal 'array_klass' 'J' @24  0 (0 0)
 - abstract internal 'oop_size' 'I' @32  14 (e)
 - abstract internal 'static_oop_field_count' 'I' @36  0
 - private volatile transient 'cachedConstructor' 'Ljava/lang/reflect/Constructor;' @40  NULL (0)
 - private transient 'name' 'Ljava/lang/String;' @44  NULL (0)
 - private transient 'module' 'Ljava/lang/Module;' @48  a 'java/lang/Module'{0x0000000710629650} (e20c52ca)
 - private final 'classLoader' 'Ljava/lang/ClassLoader;' @52  NULL (0)
 - private transient 'classData' 'Ljava/lang/Object;' @56  NULL (0)
 - private transient 'packageName' 'Ljava/lang/String;' @60  NULL (0)
 - private final 'componentType' 'Ljava/lang/Class;' @64  NULL (0)
 - private volatile transient 'reflectionData' 'Ljava/lang/ref/SoftReference;' @68  NULL (0)
 - private volatile transient 'genericInfo' 'Lsun/reflect/generics/repository/ClassRepository;' @72  NULL (0)
 - private volatile transient 'enumConstants' '[Ljava/lang/Object;' @76  NULL (0)
 - private volatile transient 'enumConstantDirectory' 'Ljava/util/Map;' @80  NULL (0)
 - private volatile transient 'annotationData' 'Ljava/lang/Class$AnnotationData;' @84  NULL (0)
 - private volatile transient 'annotationType' 'Lsun/reflect/annotation/AnnotationType;' @88  NULL (0)
 - transient 'classValueMap' 'Ljava/lang/ClassValue$ClassValueMap;' @92  NULL (0)
 - abstract internal 'protection_domain' 'Ljava/lang/Object;' @96  NULL (0)
 - abstract internal 'signers_name' 'Ljava/lang/Object;' @100  NULL (0)
 - abstract internal 'source_file' 'Ljava/lang/Object;' @104  NULL (0)
 - signature: Ljava/lang/invoke/DirectMethodHandle$Holder;
 - ---- static fields (0):
stack at sp + 7 slots: {method} {0x00000008000da108} 'newInvokeSpecial' '(Ljava/lang/Object;)Ljava/lang/Object;' in 'java/lang/invoke/DirectMethodHandle$Holder'

MethodHandle::interpreter_entry::_linkToSpecial [0x0000020abf6e938c, 0x0000020abf6e93db] (79 bytes)
[MachCode]
  0x0000020abf6e938c: 6666 660f | 1f84 0000 | 0000 0066 | 6666 900f | 1f44 0000 | 488b 5308 | 0fb7 522c | 488b 0cd4 
  0x0000020abf6e93ac: 585b 5048 | 3b01 8b5b | 2448 c1e3 | 0348 8b5b | 1048 85db | 0f84 1000 | 0000 4180 | bff8 0400 
  0x0000020abf6e93cc: 0000 7403 | ff63 38ff | 6350 e925 | 
[/MachCode]

---------------  P R O C E S S  ---------------

Threads class SMR info:
_java_thread_list=0x0000020ad847f620, length=16, elements={
0x0000020ab01e96a0, 0x0000020ad34abaf0, 0x0000020ad34ac420, 0x0000020ad34b0ff0,
0x0000020ad34b1920, 0x0000020ad34b6270, 0x0000020ad34b9120, 0x0000020ad34be6b0,
0x0000020ad7c099b0, 0x0000020ad34b8130, 0x0000020ad34b7be0, 0x0000020ad7e19080,
0x0000020ad7dbe9a0, 0x0000020ad7d5e140, 0x0000020ad34b8680, 0x0000020ad34b7140
}

Java Threads: ( => current thread )
=>0x0000020ab01e96a0 JavaThread "main" [_thread_in_Java, id=17912, stack(0x0000003a84100000,0x0000003a84200000)]
  0x0000020ad34abaf0 JavaThread "Reference Handler" daemon [_thread_blocked, id=1988, stack(0x0000003a84800000,0x0000003a84900000)]
  0x0000020ad34ac420 JavaThread "Finalizer" daemon [_thread_blocked, id=20052, stack(0x0000003a84900000,0x0000003a84a00000)]
  0x0000020ad34b0ff0 JavaThread "Signal Dispatcher" daemon [_thread_blocked, id=15656, stack(0x0000003a84a00000,0x0000003a84b00000)]
  0x0000020ad34b1920 JavaThread "Attach Listener" daemon [_thread_blocked, id=7048, stack(0x0000003a84b00000,0x0000003a84c00000)]
  0x0000020ad34b6270 JavaThread "Service Thread" daemon [_thread_blocked, id=13580, stack(0x0000003a84c00000,0x0000003a84d00000)]
  0x0000020ad34b9120 JavaThread "Monitor Deflation Thread" daemon [_thread_blocked, id=10808, stack(0x0000003a84d00000,0x0000003a84e00000)]
  0x0000020ad34be6b0 JavaThread "C2 CompilerThread0" daemon [_thread_blocked, id=6352, stack(0x0000003a84e00000,0x0000003a84f00000)]
  0x0000020ad7c099b0 JavaThread "C1 CompilerThread0" daemon [_thread_blocked, id=17424, stack(0x0000003a84f00000,0x0000003a85000000)]
  0x0000020ad34b8130 JavaThread "Sweeper thread" daemon [_thread_blocked, id=11304, stack(0x0000003a85000000,0x0000003a85100000)]
  0x0000020ad34b7be0 JavaThread "Common-Cleaner" daemon [_thread_blocked, id=9924, stack(0x0000003a85100000,0x0000003a85200000)]
  0x0000020ad7e19080 JavaThread "JDWP Transport Listener: dt_socket" daemon [_thread_blocked, id=9992, stack(0x0000003a85200000,0x0000003a85300000)]
  0x0000020ad7dbe9a0 JavaThread "JDWP Event Helper Thread" daemon [_thread_blocked, id=13468, stack(0x0000003a85300000,0x0000003a85400000)]
  0x0000020ad7d5e140 JavaThread "JDWP Command Reader" daemon [_thread_in_native, id=7676, stack(0x0000003a85400000,0x0000003a85500000)]
  0x0000020ad34b8680 JavaThread "Notification Thread" daemon [_thread_blocked, id=10500, stack(0x0000003a85500000,0x0000003a85600000)]
  0x0000020ad34b7140 JavaThread "ReaderThread" [_thread_in_native, id=18688, stack(0x0000003a85800000,0x0000003a85900000)]

Other Threads:
  0x0000020ad3491080 VMThread "VM Thread" [stack: 0x0000003a84700000,0x0000003a84800000] [id=6572]
  0x0000020ab01ec140 WatcherThread "VM Periodic Task Thread" [stack: 0x0000003a85600000,0x0000003a85700000] [id=1532]
  0x0000020ab025e750 WorkerThread "GC Thread#0" [stack: 0x0000003a84200000,0x0000003a84300000] [id=14176]
  0x0000020ad8458050 WorkerThread "GC Thread#1" [stack: 0x0000003a85900000,0x0000003a85a00000] [id=16440]
  0x0000020ad8580990 WorkerThread "GC Thread#2" [stack: 0x0000003a85a00000,0x0000003a85b00000] [id=20236]
  0x0000020ad8943670 WorkerThread "GC Thread#3" [stack: 0x0000003a85b00000,0x0000003a85c00000] [id=11296]
  0x0000020ad8942860 WorkerThread "GC Thread#4" [stack: 0x0000003a85c00000,0x0000003a85d00000] [id=12284]
  0x0000020ad89433a0 WorkerThread "GC Thread#5" [stack: 0x0000003a85d00000,0x0000003a85e00000] [id=8016]
  0x0000020ad8943940 WorkerThread "GC Thread#6" [stack: 0x0000003a85e00000,0x0000003a85f00000] [id=8232]
  0x0000020ad8942b30 WorkerThread "GC Thread#7" [stack: 0x0000003a85f00000,0x0000003a86000000] [id=380]
  0x0000020ab026fe50 ConcurrentGCThread "G1 Main Marker" [stack: 0x0000003a84300000,0x0000003a84400000] [id=15696]
  0x0000020ab0270780 WorkerThread "G1 Conc#0" [stack: 0x0000003a84400000,0x0000003a84500000] [id=4844]
  0x0000020ad334d440 ConcurrentGCThread "G1 Refine#0" [stack: 0x0000003a84500000,0x0000003a84600000] [id=18784]
  0x0000020ad334ec40 ConcurrentGCThread "G1 Service" [stack: 0x0000003a84600000,0x0000003a84700000] [id=7776]

Threads with active compile tasks:

VM state: not at safepoint (normal execution)

VM Mutex/Monitor currently owned by a thread: None

Heap address: 0x0000000702000000, size: 4064 MB, Compressed Oops mode: Zero based, Oop shift amount: 3

CDS archive(s) mapped at: [0x0000000800000000-0x0000000800c40000-0x0000000800c40000), size 12845056, SharedBaseAddress: 0x0000000800000000, ArchiveRelocationMode: 0.
Compressed class space mapped at: 0x0000000801000000-0x0000000841000000, reserved size: 1073741824
Narrow klass base: 0x0000000800000000, Narrow klass shift: 0, Narrow klass range: 0x100000000

GC Precious Log:
 CardTable entry size: 512
 Card Set container configuration: InlinePtr #cards 4 size 8 Array Of Cards #cards 16 size 48 Howl #buckets 8 coarsen threshold 3686 Howl Bitmap #cards 512 size 80 coarsen threshold 460 Card regions per heap region 1 cards per card region 4096
 CPUs: 12 total, 12 available
 Memory: 16251M
 Large Page Support: Disabled
 NUMA Support: Disabled
 Compressed Oops: Enabled (Zero based)
 Heap Region Size: 2M
 Heap Min Capacity: 8M
 Heap Initial Capacity: 254M
 Heap Max Capacity: 4064M
 Pre-touch: Disabled
 Parallel Workers: 10
 Concurrent Workers: 3
 Concurrent Refinement Workers: 10
 Periodic GC: Disabled

Heap:
 garbage-first heap   total 260096K, used 14655K [0x0000000702000000, 0x0000000800000000)
  region size 2048K, 9 young (18432K), 2 survivors (4096K)
 Metaspace       used 7246K, committed 7424K, reserved 1114112K
  class space    used 808K, committed 896K, reserved 1048576K

Heap Regions: E=young(eden), S=young(survivor), O=old, HS=humongous(starts), HC=humongous(continues), CS=collection set, F=free, OA=open archive, CA=closed archive, TAMS=top-at-mark-start (previous, next)
|   0|0x0000000702000000, 0x0000000702000000, 0x0000000702200000|  0%| F|  |TAMS 0x0000000702000000, 0x0000000702000000| Untracked 
|   1|0x0000000702200000, 0x0000000702200000, 0x0000000702400000|  0%| F|  |TAMS 0x0000000702200000, 0x0000000702200000| Untracked 
|   2|0x0000000702400000, 0x0000000702400000, 0x0000000702600000|  0%| F|  |TAMS 0x0000000702400000, 0x0000000702400000| Untracked 
|   3|0x0000000702600000, 0x0000000702600000, 0x0000000702800000|  0%| F|  |TAMS 0x0000000702600000, 0x0000000702600000| Untracked 
|   4|0x0000000702800000, 0x0000000702800000, 0x0000000702a00000|  0%| F|  |TAMS 0x0000000702800000, 0x0000000702800000| Untracked 
|   5|0x0000000702a00000, 0x0000000702a00000, 0x0000000702c00000|  0%| F|  |TAMS 0x0000000702a00000, 0x0000000702a00000| Untracked 
|   6|0x0000000702c00000, 0x0000000702c00000, 0x0000000702e00000|  0%| F|  |TAMS 0x0000000702c00000, 0x0000000702c00000| Untracked 
|   7|0x0000000702e00000, 0x0000000702e00000, 0x0000000703000000|  0%| F|  |TAMS 0x0000000702e00000, 0x0000000702e00000| Untracked 
|   8|0x0000000703000000, 0x0000000703000000, 0x0000000703200000|  0%| F|  |TAMS 0x0000000703000000, 0x0000000703000000| Untracked 
|   9|0x0000000703200000, 0x0000000703200000, 0x0000000703400000|  0%| F|  |TAMS 0x0000000703200000, 0x0000000703200000| Untracked 
|  10|0x0000000703400000, 0x0000000703400000, 0x0000000703600000|  0%| F|  |TAMS 0x0000000703400000, 0x0000000703400000| Untracked 
|  11|0x0000000703600000, 0x0000000703600000, 0x0000000703800000|  0%| F|  |TAMS 0x0000000703600000, 0x0000000703600000| Untracked 
|  12|0x0000000703800000, 0x0000000703800000, 0x0000000703a00000|  0%| F|  |TAMS 0x0000000703800000, 0x0000000703800000| Untracked 
|  13|0x0000000703a00000, 0x0000000703a00000, 0x0000000703c00000|  0%| F|  |TAMS 0x0000000703a00000, 0x0000000703a00000| Untracked 
|  14|0x0000000703c00000, 0x0000000703c00000, 0x0000000703e00000|  0%| F|  |TAMS 0x0000000703c00000, 0x0000000703c00000| Untracked 
|  15|0x0000000703e00000, 0x0000000703e00000, 0x0000000704000000|  0%| F|  |TAMS 0x0000000703e00000, 0x0000000703e00000| Untracked 
|  16|0x0000000704000000, 0x0000000704000000, 0x0000000704200000|  0%| F|  |TAMS 0x0000000704000000, 0x0000000704000000| Untracked 
|  17|0x0000000704200000, 0x0000000704200000, 0x0000000704400000|  0%| F|  |TAMS 0x0000000704200000, 0x0000000704200000| Untracked 
|  18|0x0000000704400000, 0x0000000704400000, 0x0000000704600000|  0%| F|  |TAMS 0x0000000704400000, 0x0000000704400000| Untracked 
|  19|0x0000000704600000, 0x0000000704600000, 0x0000000704800000|  0%| F|  |TAMS 0x0000000704600000, 0x0000000704600000| Untracked 
|  20|0x0000000704800000, 0x0000000704800000, 0x0000000704a00000|  0%| F|  |TAMS 0x0000000704800000, 0x0000000704800000| Untracked 
|  21|0x0000000704a00000, 0x0000000704a00000, 0x0000000704c00000|  0%| F|  |TAMS 0x0000000704a00000, 0x0000000704a00000| Untracked 
|  22|0x0000000704c00000, 0x0000000704c00000, 0x0000000704e00000|  0%| F|  |TAMS 0x0000000704c00000, 0x0000000704c00000| Untracked 
|  23|0x0000000704e00000, 0x0000000704e00000, 0x0000000705000000|  0%| F|  |TAMS 0x0000000704e00000, 0x0000000704e00000| Untracked 
|  24|0x0000000705000000, 0x0000000705000000, 0x0000000705200000|  0%| F|  |TAMS 0x0000000705000000, 0x0000000705000000| Untracked 
|  25|0x0000000705200000, 0x0000000705200000, 0x0000000705400000|  0%| F|  |TAMS 0x0000000705200000, 0x0000000705200000| Untracked 
|  26|0x0000000705400000, 0x0000000705400000, 0x0000000705600000|  0%| F|  |TAMS 0x0000000705400000, 0x0000000705400000| Untracked 
|  27|0x0000000705600000, 0x0000000705600000, 0x0000000705800000|  0%| F|  |TAMS 0x0000000705600000, 0x0000000705600000| Untracked 
|  28|0x0000000705800000, 0x0000000705800000, 0x0000000705a00000|  0%| F|  |TAMS 0x0000000705800000, 0x0000000705800000| Untracked 
|  29|0x0000000705a00000, 0x0000000705a00000, 0x0000000705c00000|  0%| F|  |TAMS 0x0000000705a00000, 0x0000000705a00000| Untracked 
|  30|0x0000000705c00000, 0x0000000705c00000, 0x0000000705e00000|  0%| F|  |TAMS 0x0000000705c00000, 0x0000000705c00000| Untracked 
|  31|0x0000000705e00000, 0x0000000705e00000, 0x0000000706000000|  0%| F|  |TAMS 0x0000000705e00000, 0x0000000705e00000| Untracked 
|  32|0x0000000706000000, 0x0000000706000000, 0x0000000706200000|  0%| F|  |TAMS 0x0000000706000000, 0x0000000706000000| Untracked 
|  33|0x0000000706200000, 0x0000000706200000, 0x0000000706400000|  0%| F|  |TAMS 0x0000000706200000, 0x0000000706200000| Untracked 
|  34|0x0000000706400000, 0x0000000706400000, 0x0000000706600000|  0%| F|  |TAMS 0x0000000706400000, 0x0000000706400000| Untracked 
|  35|0x0000000706600000, 0x0000000706600000, 0x0000000706800000|  0%| F|  |TAMS 0x0000000706600000, 0x0000000706600000| Untracked 
|  36|0x0000000706800000, 0x0000000706800000, 0x0000000706a00000|  0%| F|  |TAMS 0x0000000706800000, 0x0000000706800000| Untracked 
|  37|0x0000000706a00000, 0x0000000706a00000, 0x0000000706c00000|  0%| F|  |TAMS 0x0000000706a00000, 0x0000000706a00000| Untracked 
|  38|0x0000000706c00000, 0x0000000706c00000, 0x0000000706e00000|  0%| F|  |TAMS 0x0000000706c00000, 0x0000000706c00000| Untracked 
|  39|0x0000000706e00000, 0x0000000706e00000, 0x0000000707000000|  0%| F|  |TAMS 0x0000000706e00000, 0x0000000706e00000| Untracked 
|  40|0x0000000707000000, 0x0000000707000000, 0x0000000707200000|  0%| F|  |TAMS 0x0000000707000000, 0x0000000707000000| Untracked 
|  41|0x0000000707200000, 0x0000000707200000, 0x0000000707400000|  0%| F|  |TAMS 0x0000000707200000, 0x0000000707200000| Untracked 
|  42|0x0000000707400000, 0x0000000707400000, 0x0000000707600000|  0%| F|  |TAMS 0x0000000707400000, 0x0000000707400000| Untracked 
|  43|0x0000000707600000, 0x0000000707600000, 0x0000000707800000|  0%| F|  |TAMS 0x0000000707600000, 0x0000000707600000| Untracked 
|  44|0x0000000707800000, 0x0000000707800000, 0x0000000707a00000|  0%| F|  |TAMS 0x0000000707800000, 0x0000000707800000| Untracked 
|  45|0x0000000707a00000, 0x0000000707a00000, 0x0000000707c00000|  0%| F|  |TAMS 0x0000000707a00000, 0x0000000707a00000| Untracked 
|  46|0x0000000707c00000, 0x0000000707c00000, 0x0000000707e00000|  0%| F|  |TAMS 0x0000000707c00000, 0x0000000707c00000| Untracked 
|  47|0x0000000707e00000, 0x0000000707e00000, 0x0000000708000000|  0%| F|  |TAMS 0x0000000707e00000, 0x0000000707e00000| Untracked 
|  48|0x0000000708000000, 0x0000000708000000, 0x0000000708200000|  0%| F|  |TAMS 0x0000000708000000, 0x0000000708000000| Untracked 
|  49|0x0000000708200000, 0x0000000708200000, 0x0000000708400000|  0%| F|  |TAMS 0x0000000708200000, 0x0000000708200000| Untracked 
|  50|0x0000000708400000, 0x0000000708400000, 0x0000000708600000|  0%| F|  |TAMS 0x0000000708400000, 0x0000000708400000| Untracked 
|  51|0x0000000708600000, 0x0000000708600000, 0x0000000708800000|  0%| F|  |TAMS 0x0000000708600000, 0x0000000708600000| Untracked 
|  52|0x0000000708800000, 0x0000000708800000, 0x0000000708a00000|  0%| F|  |TAMS 0x0000000708800000, 0x0000000708800000| Untracked 
|  53|0x0000000708a00000, 0x0000000708a00000, 0x0000000708c00000|  0%| F|  |TAMS 0x0000000708a00000, 0x0000000708a00000| Untracked 
|  54|0x0000000708c00000, 0x0000000708c00000, 0x0000000708e00000|  0%| F|  |TAMS 0x0000000708c00000, 0x0000000708c00000| Untracked 
|  55|0x0000000708e00000, 0x0000000708e00000, 0x0000000709000000|  0%| F|  |TAMS 0x0000000708e00000, 0x0000000708e00000| Untracked 
|  56|0x0000000709000000, 0x0000000709000000, 0x0000000709200000|  0%| F|  |TAMS 0x0000000709000000, 0x0000000709000000| Untracked 
|  57|0x0000000709200000, 0x0000000709200000, 0x0000000709400000|  0%| F|  |TAMS 0x0000000709200000, 0x0000000709200000| Untracked 
|  58|0x0000000709400000, 0x0000000709400000, 0x0000000709600000|  0%| F|  |TAMS 0x0000000709400000, 0x0000000709400000| Untracked 
|  59|0x0000000709600000, 0x0000000709600000, 0x0000000709800000|  0%| F|  |TAMS 0x0000000709600000, 0x0000000709600000| Untracked 
|  60|0x0000000709800000, 0x0000000709800000, 0x0000000709a00000|  0%| F|  |TAMS 0x0000000709800000, 0x0000000709800000| Untracked 
|  61|0x0000000709a00000, 0x0000000709a00000, 0x0000000709c00000|  0%| F|  |TAMS 0x0000000709a00000, 0x0000000709a00000| Untracked 
|  62|0x0000000709c00000, 0x0000000709c00000, 0x0000000709e00000|  0%| F|  |TAMS 0x0000000709c00000, 0x0000000709c00000| Untracked 
|  63|0x0000000709e00000, 0x0000000709e00000, 0x000000070a000000|  0%| F|  |TAMS 0x0000000709e00000, 0x0000000709e00000| Untracked 
|  64|0x000000070a000000, 0x000000070a000000, 0x000000070a200000|  0%| F|  |TAMS 0x000000070a000000, 0x000000070a000000| Untracked 
|  65|0x000000070a200000, 0x000000070a200000, 0x000000070a400000|  0%| F|  |TAMS 0x000000070a200000, 0x000000070a200000| Untracked 
|  66|0x000000070a400000, 0x000000070a400000, 0x000000070a600000|  0%| F|  |TAMS 0x000000070a400000, 0x000000070a400000| Untracked 
|  67|0x000000070a600000, 0x000000070a600000, 0x000000070a800000|  0%| F|  |TAMS 0x000000070a600000, 0x000000070a600000| Untracked 
|  68|0x000000070a800000, 0x000000070a800000, 0x000000070aa00000|  0%| F|  |TAMS 0x000000070a800000, 0x000000070a800000| Untracked 
|  69|0x000000070aa00000, 0x000000070aa00000, 0x000000070ac00000|  0%| F|  |TAMS 0x000000070aa00000, 0x000000070aa00000| Untracked 
|  70|0x000000070ac00000, 0x000000070ac00000, 0x000000070ae00000|  0%| F|  |TAMS 0x000000070ac00000, 0x000000070ac00000| Untracked 
|  71|0x000000070ae00000, 0x000000070ae00000, 0x000000070b000000|  0%| F|  |TAMS 0x000000070ae00000, 0x000000070ae00000| Untracked 
|  72|0x000000070b000000, 0x000000070b000000, 0x000000070b200000|  0%| F|  |TAMS 0x000000070b000000, 0x000000070b000000| Untracked 
|  73|0x000000070b200000, 0x000000070b200000, 0x000000070b400000|  0%| F|  |TAMS 0x000000070b200000, 0x000000070b200000| Untracked 
|  74|0x000000070b400000, 0x000000070b400000, 0x000000070b600000|  0%| F|  |TAMS 0x000000070b400000, 0x000000070b400000| Untracked 
|  75|0x000000070b600000, 0x000000070b600000, 0x000000070b800000|  0%| F|  |TAMS 0x000000070b600000, 0x000000070b600000| Untracked 
|  76|0x000000070b800000, 0x000000070b800000, 0x000000070ba00000|  0%| F|  |TAMS 0x000000070b800000, 0x000000070b800000| Untracked 
|  77|0x000000070ba00000, 0x000000070ba00000, 0x000000070bc00000|  0%| F|  |TAMS 0x000000070ba00000, 0x000000070ba00000| Untracked 
|  78|0x000000070bc00000, 0x000000070bc00000, 0x000000070be00000|  0%| F|  |TAMS 0x000000070bc00000, 0x000000070bc00000| Untracked 
|  79|0x000000070be00000, 0x000000070be00000, 0x000000070c000000|  0%| F|  |TAMS 0x000000070be00000, 0x000000070be00000| Untracked 
|  80|0x000000070c000000, 0x000000070c000000, 0x000000070c200000|  0%| F|  |TAMS 0x000000070c000000, 0x000000070c000000| Untracked 
|  81|0x000000070c200000, 0x000000070c200000, 0x000000070c400000|  0%| F|  |TAMS 0x000000070c200000, 0x000000070c200000| Untracked 
|  82|0x000000070c400000, 0x000000070c400000, 0x000000070c600000|  0%| F|  |TAMS 0x000000070c400000, 0x000000070c400000| Untracked 
|  83|0x000000070c600000, 0x000000070c600000, 0x000000070c800000|  0%| F|  |TAMS 0x000000070c600000, 0x000000070c600000| Untracked 
|  84|0x000000070c800000, 0x000000070c800000, 0x000000070ca00000|  0%| F|  |TAMS 0x000000070c800000, 0x000000070c800000| Untracked 
|  85|0x000000070ca00000, 0x000000070ca00000, 0x000000070cc00000|  0%| F|  |TAMS 0x000000070ca00000, 0x000000070ca00000| Untracked 
|  86|0x000000070cc00000, 0x000000070cc00000, 0x000000070ce00000|  0%| F|  |TAMS 0x000000070cc00000, 0x000000070cc00000| Untracked 
|  87|0x000000070ce00000, 0x000000070ce00000, 0x000000070d000000|  0%| F|  |TAMS 0x000000070ce00000, 0x000000070ce00000| Untracked 
|  88|0x000000070d000000, 0x000000070d000000, 0x000000070d200000|  0%| F|  |TAMS 0x000000070d000000, 0x000000070d000000| Untracked 
|  89|0x000000070d200000, 0x000000070d200000, 0x000000070d400000|  0%| F|  |TAMS 0x000000070d200000, 0x000000070d200000| Untracked 
|  90|0x000000070d400000, 0x000000070d400000, 0x000000070d600000|  0%| F|  |TAMS 0x000000070d400000, 0x000000070d400000| Untracked 
|  91|0x000000070d600000, 0x000000070d600000, 0x000000070d800000|  0%| F|  |TAMS 0x000000070d600000, 0x000000070d600000| Untracked 
|  92|0x000000070d800000, 0x000000070d800000, 0x000000070da00000|  0%| F|  |TAMS 0x000000070d800000, 0x000000070d800000| Untracked 
|  93|0x000000070da00000, 0x000000070da00000, 0x000000070dc00000|  0%| F|  |TAMS 0x000000070da00000, 0x000000070da00000| Untracked 
|  94|0x000000070dc00000, 0x000000070dc00000, 0x000000070de00000|  0%| F|  |TAMS 0x000000070dc00000, 0x000000070dc00000| Untracked 
|  95|0x000000070de00000, 0x000000070de00000, 0x000000070e000000|  0%| F|  |TAMS 0x000000070de00000, 0x000000070de00000| Untracked 
|  96|0x000000070e000000, 0x000000070e000000, 0x000000070e200000|  0%| F|  |TAMS 0x000000070e000000, 0x000000070e000000| Untracked 
|  97|0x000000070e200000, 0x000000070e200000, 0x000000070e400000|  0%| F|  |TAMS 0x000000070e200000, 0x000000070e200000| Untracked 
|  98|0x000000070e400000, 0x000000070e400000, 0x000000070e600000|  0%| F|  |TAMS 0x000000070e400000, 0x000000070e400000| Untracked 
|  99|0x000000070e600000, 0x000000070e600000, 0x000000070e800000|  0%| F|  |TAMS 0x000000070e600000, 0x000000070e600000| Untracked 
| 100|0x000000070e800000, 0x000000070e800000, 0x000000070ea00000|  0%| F|  |TAMS 0x000000070e800000, 0x000000070e800000| Untracked 
| 101|0x000000070ea00000, 0x000000070ea00000, 0x000000070ec00000|  0%| F|  |TAMS 0x000000070ea00000, 0x000000070ea00000| Untracked 
| 102|0x000000070ec00000, 0x000000070ec00000, 0x000000070ee00000|  0%| F|  |TAMS 0x000000070ec00000, 0x000000070ec00000| Untracked 
| 103|0x000000070ee00000, 0x000000070ee00000, 0x000000070f000000|  0%| F|  |TAMS 0x000000070ee00000, 0x000000070ee00000| Untracked 
| 104|0x000000070f000000, 0x000000070f000000, 0x000000070f200000|  0%| F|  |TAMS 0x000000070f000000, 0x000000070f000000| Untracked 
| 105|0x000000070f200000, 0x000000070f200000, 0x000000070f400000|  0%| F|  |TAMS 0x000000070f200000, 0x000000070f200000| Untracked 
| 106|0x000000070f400000, 0x000000070f400000, 0x000000070f600000|  0%| F|  |TAMS 0x000000070f400000, 0x000000070f400000| Untracked 
| 107|0x000000070f600000, 0x000000070f600000, 0x000000070f800000|  0%| F|  |TAMS 0x000000070f600000, 0x000000070f600000| Untracked 
| 108|0x000000070f800000, 0x000000070f800000, 0x000000070fa00000|  0%| F|  |TAMS 0x000000070f800000, 0x000000070f800000| Untracked 
| 109|0x000000070fa00000, 0x000000070fa00000, 0x000000070fc00000|  0%| F|  |TAMS 0x000000070fa00000, 0x000000070fa00000| Untracked 
| 110|0x000000070fc00000, 0x000000070fc00000, 0x000000070fe00000|  0%| F|  |TAMS 0x000000070fc00000, 0x000000070fc00000| Untracked 
| 111|0x000000070fe00000, 0x000000070fe00000, 0x0000000710000000|  0%| F|  |TAMS 0x000000070fe00000, 0x000000070fe00000| Untracked 
| 112|0x0000000710000000, 0x0000000710000000, 0x0000000710200000|  0%| F|  |TAMS 0x0000000710000000, 0x0000000710000000| Untracked 
| 113|0x0000000710200000, 0x0000000710200000, 0x0000000710400000|  0%| F|  |TAMS 0x0000000710200000, 0x0000000710200000| Untracked 
| 114|0x0000000710400000, 0x000000071044ffe0, 0x0000000710600000| 15%| S|CS|TAMS 0x0000000710400000, 0x0000000710400000| Complete 
| 115|0x0000000710600000, 0x0000000710800000, 0x0000000710800000|100%| S|CS|TAMS 0x0000000710600000, 0x0000000710600000| Complete 
| 116|0x0000000710800000, 0x0000000710800000, 0x0000000710a00000|  0%| F|  |TAMS 0x0000000710800000, 0x0000000710800000| Untracked 
| 117|0x0000000710a00000, 0x0000000710a00000, 0x0000000710c00000|  0%| F|  |TAMS 0x0000000710a00000, 0x0000000710a00000| Untracked 
| 118|0x0000000710c00000, 0x0000000710c00000, 0x0000000710e00000|  0%| F|  |TAMS 0x0000000710c00000, 0x0000000710c00000| Untracked 
| 119|0x0000000710e00000, 0x0000000710e00000, 0x0000000711000000|  0%| F|  |TAMS 0x0000000710e00000, 0x0000000710e00000| Untracked 
| 120|0x0000000711000000, 0x000000071118bfe8, 0x0000000711200000| 77%| E|  |TAMS 0x0000000711000000, 0x0000000711000000| Complete 
| 121|0x0000000711200000, 0x0000000711400000, 0x0000000711400000|100%| E|CS|TAMS 0x0000000711200000, 0x0000000711200000| Complete 
| 122|0x0000000711400000, 0x0000000711600000, 0x0000000711600000|100%| E|CS|TAMS 0x0000000711400000, 0x0000000711400000| Complete 
| 123|0x0000000711600000, 0x0000000711800000, 0x0000000711800000|100%| E|CS|TAMS 0x0000000711600000, 0x0000000711600000| Complete 
| 124|0x0000000711800000, 0x0000000711a00000, 0x0000000711a00000|100%| E|CS|TAMS 0x0000000711800000, 0x0000000711800000| Complete 
| 125|0x0000000711a00000, 0x0000000711c00000, 0x0000000711c00000|100%| E|CS|TAMS 0x0000000711a00000, 0x0000000711a00000| Complete 
| 126|0x0000000711c00000, 0x0000000711e00000, 0x0000000711e00000|100%| E|CS|TAMS 0x0000000711c00000, 0x0000000711c00000| Complete 

Card table byte_map: [0x0000020ac7e90000,0x0000020ac8680000] _byte_map_base: 0x0000020ac4680000

Marking Bits (Prev, Next): (CMBitMap*) 0x0000020ab025ec80, (CMBitMap*) 0x0000020ab025ecc0
 Prev Bits: [0x0000020ac8e70000, 0x0000020accdf0000)
 Next Bits: [0x0000020accdf0000, 0x0000020ad0d70000)

Polling page: 0x0000020aae1d0000

Metaspace:

Usage:
  Non-class:      6.29 MB used.
      Class:    808.45 KB used.
       Both:      7.08 MB used.

Virtual space:
  Non-class space:       64.00 MB reserved,       6.38 MB ( 10%) committed,  1 nodes.
      Class space:        1.00 GB reserved,     896.00 KB ( <1%) committed,  1 nodes.
             Both:        1.06 GB reserved,       7.25 MB ( <1%) committed. 

Chunk freelists:
   Non-Class:  772.00 KB
       Class:  2.94 MB
        Both:  3.70 MB

MaxMetaspaceSize: unlimited
CompressedClassSpaceSize: 1.00 GB
Initial GC threshold: 21.00 MB
Current GC threshold: 21.00 MB
CDS: on
MetaspaceReclaimPolicy: balanced
 - commit_granule_bytes: 65536.
 - commit_granule_words: 8192.
 - virtual_space_node_default_size: 8388608.
 - enlarge_chunks_in_place: 1.
 - new_chunks_are_fully_committed: 0.
 - uncommit_free_chunks: 1.
 - use_allocation_guard: 0.


Internal statistics:

num_allocs_failed_limit: 0.
num_arena_births: 102.
num_arena_deaths: 0.
num_vsnodes_births: 2.
num_vsnodes_deaths: 0.
num_space_committed: 116.
num_space_uncommitted: 0.
num_chunks_returned_to_freelist: 0.
num_chunks_taken_from_freelist: 280.
num_chunk_merges: 0.
num_chunk_splits: 150.
num_chunks_enlarged: 101.
num_inconsistent_stats: 0.

CodeHeap 'non-profiled nmethods': size=120000Kb used=451Kb max_used=451Kb free=119548Kb
 bounds [0x0000020abfc20000, 0x0000020abfe90000, 0x0000020ac7150000]
CodeHeap 'profiled nmethods': size=120000Kb used=2693Kb max_used=2693Kb free=117306Kb
 bounds [0x0000020ab8150000, 0x0000020ab8400000, 0x0000020abf680000]
CodeHeap 'non-nmethods': size=5760Kb used=1319Kb max_used=1351Kb free=4440Kb
 bounds [0x0000020abf680000, 0x0000020abf8f0000, 0x0000020abfc20000]
 total_blobs=1808 nmethods=1343 adapters=376
 compilation: enabled
              stopped_count=0, restarted_count=0
 full_count=0

Compilation events (20 events):
Event: 0.543 Thread 0x0000020ad7c099b0 nmethod 1332 0x0000020ab83e1a10 code [0x0000020ab83e1c00, 0x0000020ab83e22b8]
Event: 0.543 Thread 0x0000020ad7c099b0 1335       3       jdk.internal.org.objectweb.asm.Type::getTypeInternal (218 bytes)
Event: 0.543 Thread 0x0000020ad7c099b0 nmethod 1335 0x0000020ab83e2490 code [0x0000020ab83e27e0, 0x0000020ab83e3aa8]
Event: 0.543 Thread 0x0000020ad7c099b0 1341       3       java.io.WinNTFileSystem::resolve (275 bytes)
Event: 0.545 Thread 0x0000020ad7c099b0 nmethod 1341 0x0000020ab83e4110 code [0x0000020ab83e4600, 0x0000020ab83e7418]
Event: 0.545 Thread 0x0000020ad7c099b0 1336       3       sun.net.www.protocol.jar.Handler::parseURL (173 bytes)
Event: 0.545 Thread 0x0000020ad34be6b0 1342       4       sun.net.www.ParseUtil::firstEncodeIndex (86 bytes)
Event: 0.546 Thread 0x0000020ad7c099b0 nmethod 1336 0x0000020ab83e8490 code [0x0000020ab83e8740, 0x0000020ab83e9358]
Event: 0.546 Thread 0x0000020ad7c099b0 1337       3       sun.net.www.protocol.jar.Handler::parseContextSpec (150 bytes)
Event: 0.547 Thread 0x0000020ad7c099b0 nmethod 1337 0x0000020ab83e9890 code [0x0000020ab83e9ce0, 0x0000020ab83eb868]
Event: 0.547 Thread 0x0000020ad7c099b0 1338       3       sun.net.www.protocol.jar.Handler::indexOfBangSlash (52 bytes)
Event: 0.547 Thread 0x0000020ad34be6b0 nmethod 1342 0x0000020abfc8e510 code [0x0000020abfc8e6c0, 0x0000020abfc8e8d8]
Event: 0.547 Thread 0x0000020ad7c099b0 nmethod 1338 0x0000020ab83ec410 code [0x0000020ab83ec680, 0x0000020ab83ed198]
Event: 0.547 Thread 0x0000020ad7c099b0 1339       3       sun.net.www.protocol.jar.Handler::canonicalizeString (72 bytes)
Event: 0.548 Thread 0x0000020ad7c099b0 nmethod 1339 0x0000020ab83ed590 code [0x0000020ab83ed860, 0x0000020ab83ee658]
Event: 0.548 Thread 0x0000020ad7c099b0 1340       3       java.net.URLStreamHandler::setURL (159 bytes)
Event: 0.549 Thread 0x0000020ad7c099b0 nmethod 1340 0x0000020ab83eec90 code [0x0000020ab83ef000, 0x0000020ab83f0558]
Event: 0.549 Thread 0x0000020ad7c099b0 1343       3       java.lang.invoke.DirectMethodHandle::makeAllocator (137 bytes)
Event: 0.549 Thread 0x0000020ad7c099b0 nmethod 1343 0x0000020ab83f0e90 code [0x0000020ab83f10a0, 0x0000020ab83f1558]
Event: 0.550 Thread 0x0000020ad8402770 nmethod 1320 0x0000020abfc8eb90 code [0x0000020abfc8eda0, 0x0000020abfc900c0]

GC Heap History (2 events):
Event: 0.402 GC heap before
{Heap before GC invocations=0 (full 0):
 garbage-first heap   total 260096K, used 22528K [0x0000000702000000, 0x0000000800000000)
  region size 2048K, 11 young (22528K), 0 survivors (0K)
 Metaspace       used 5398K, committed 5568K, reserved 1114112K
  class space    used 549K, committed 640K, reserved 1048576K
}
Event: 0.405 GC heap after
{Heap after GC invocations=1 (full 0):
 garbage-first heap   total 260096K, used 2367K [0x0000000702000000, 0x0000000800000000)
  region size 2048K, 2 young (4096K), 2 survivors (4096K)
 Metaspace       used 5398K, committed 5568K, reserved 1114112K
  class space    used 549K, committed 640K, reserved 1048576K
}

Dll operation events (10 events):
Event: 0.006 Loaded shared library C:\Program Files\Java\jdk-19\bin\java.dll
Event: 0.012 Loaded shared library C:\Program Files\Java\jdk-19\bin\jsvml.dll
Event: 0.108 Loaded shared library C:\Program Files\Java\jdk-19\bin\zip.dll
Event: 0.110 Loaded shared library C:\Program Files\Java\jdk-19\bin\instrument.dll
Event: 0.113 Loaded shared library C:\Program Files\Java\jdk-19\bin\net.dll
Event: 0.114 Loaded shared library C:\Program Files\Java\jdk-19\bin\nio.dll
Event: 0.116 Loaded shared library C:\Program Files\Java\jdk-19\bin\zip.dll
Event: 0.172 Loaded shared library C:\Program Files\Java\jdk-19\bin\jimage.dll
Event: 0.202 Loaded shared library C:\Program Files\Java\jdk-19\bin\verify.dll
Event: 0.290 Loaded shared library C:\Program Files\Java\jdk-19\bin\extnet.dll

Deoptimization events (20 events):
Event: 0.371 Thread 0x0000020ab01e96a0 Uncommon trap: trap_request=0xffffff45 fr.pc=0x0000020abfc6019c relative=0x00000000000000fc
Event: 0.371 Thread 0x0000020ab01e96a0 Uncommon trap: reason=unstable_if action=reinterpret pc=0x0000020abfc6019c method=org.eclipse.jdt.launching.internal.org.objectweb.asm.ByteVector.putShort(I)Lorg/eclipse/jdt/launching/internal/org/objectweb/asm/ByteVector; @ 13 c2
Event: 0.371 Thread 0x0000020ab01e96a0 DEOPT PACKING pc=0x0000020abfc6019c sp=0x0000003a841fa400
Event: 0.371 Thread 0x0000020ab01e96a0 DEOPT UNPACKING pc=0x0000020abf6e6da3 sp=0x0000003a841fa398 mode 2
Event: 0.400 Thread 0x0000020ab01e96a0 DEOPT PACKING pc=0x0000020ab818a557 sp=0x0000003a841fd110
Event: 0.400 Thread 0x0000020ab01e96a0 DEOPT UNPACKING pc=0x0000020abf6e7543 sp=0x0000003a841fc5a8 mode 0
Event: 0.434 Thread 0x0000020ab01e96a0 DEOPT PACKING pc=0x0000020ab81a9331 sp=0x0000003a841fd2e0
Event: 0.434 Thread 0x0000020ab01e96a0 DEOPT UNPACKING pc=0x0000020abf6e7543 sp=0x0000003a841fc7f8 mode 0
Event: 0.438 Thread 0x0000020ab01e96a0 Uncommon trap: trap_request=0xffffff45 fr.pc=0x0000020abfc75664 relative=0x00000000000004a4
Event: 0.438 Thread 0x0000020ab01e96a0 Uncommon trap: reason=unstable_if action=reinterpret pc=0x0000020abfc75664 method=java.util.jar.Manifest$FastInputStream.readLine([BII)I @ 90 c2
Event: 0.438 Thread 0x0000020ab01e96a0 DEOPT PACKING pc=0x0000020abfc75664 sp=0x0000003a841fd080
Event: 0.438 Thread 0x0000020ab01e96a0 DEOPT UNPACKING pc=0x0000020abf6e6da3 sp=0x0000003a841fd010 mode 2
Event: 0.486 Thread 0x0000020ab01e96a0 DEOPT PACKING pc=0x0000020ab81f3d3e sp=0x0000003a841fdda0
Event: 0.486 Thread 0x0000020ab01e96a0 DEOPT UNPACKING pc=0x0000020abf6e7543 sp=0x0000003a841fd218 mode 0
Event: 0.487 Thread 0x0000020ab01e96a0 DEOPT PACKING pc=0x0000020ab8286173 sp=0x0000003a841fb8f0
Event: 0.487 Thread 0x0000020ab01e96a0 DEOPT UNPACKING pc=0x0000020abf6e7543 sp=0x0000003a841fae08 mode 0
Event: 0.545 Thread 0x0000020ab01e96a0 DEOPT PACKING pc=0x0000020ab8205bd1 sp=0x0000003a841fc700
Event: 0.545 Thread 0x0000020ab01e96a0 DEOPT UNPACKING pc=0x0000020abf6e7543 sp=0x0000003a841fbc18 mode 0
Event: 14.147 Thread 0x0000020ab01e96a0 DEOPT PACKING pc=0x0000020ab83dd114 sp=0x0000003a841fcf20
Event: 14.147 Thread 0x0000020ab01e96a0 DEOPT UNPACKING pc=0x0000020abf6e7543 sp=0x0000003a841fc3d8 mode 0

Classes loaded (20 events):
Event: 0.502 Loading class java/util/regex/Pattern$1
Event: 0.502 Loading class java/util/regex/Pattern$1 done
Event: 0.516 Loading class java/util/Collections$ReverseComparator
Event: 0.516 Loading class java/util/Collections$ReverseComparator done
Event: 0.516 Loading class java/util/Collections$ReverseComparator2
Event: 0.516 Loading class java/util/Collections$ReverseComparator2 done
Event: 0.521 Loading class java/util/concurrent/CancellationException
Event: 0.521 Loading class java/util/concurrent/CancellationException done
Event: 0.521 Loading class java/util/concurrent/ExecutionException
Event: 0.521 Loading class java/util/concurrent/ExecutionException done
Event: 0.535 Loading class java/util/stream/SpinedBuffer
Event: 0.535 Loading class java/util/stream/AbstractSpinedBuffer
Event: 0.535 Loading class java/util/stream/AbstractSpinedBuffer done
Event: 0.535 Loading class java/util/stream/SpinedBuffer done
Event: 0.535 Loading class java/util/function/BooleanSupplier
Event: 0.535 Loading class java/util/function/BooleanSupplier done
Event: 0.545 Loading class java/util/ArrayList$ListItr
Event: 0.545 Loading class java/util/ArrayList$ListItr done
Event: 0.545 Loading class java/lang/invoke/WrongMethodTypeException
Event: 0.545 Loading class java/lang/invoke/WrongMethodTypeException done

Classes unloaded (0 events):
No events

Classes redefined (1 events):
Event: 14.156 Thread 0x0000020ad3491080 redefined class name=entities.ProdutoTest, count=1

Internal exceptions (20 events):
Event: 0.409 Thread 0x0000020ab01e96a0 Exception <a 'java/lang/NoSuchMethodError'{0x0000000711d253d8}: 'void java.lang.invoke.DirectMethodHandle$Holder.invokeInterface(java.lang.Object, java.lang.Object, java.lang.Object, java.lang.Object, java.lang.Object)'> (0x0000000711d253d8) 
thrown [s\open\src\hotspot\share\interpreter\linkResolver.cpp, line 774]
Event: 0.410 Thread 0x0000020ab01e96a0 Exception <a 'java/lang/IncompatibleClassChangeError'{0x0000000711d29360}: Found class java.lang.Object, but interface was expected> (0x0000000711d29360) 
thrown [s\open\src\hotspot\share\interpreter\linkResolver.cpp, line 841]
Event: 0.415 Thread 0x0000020ab01e96a0 Exception <a 'java/lang/IncompatibleClassChangeError'{0x0000000711d78e28}: Found class java.lang.Object, but interface was expected> (0x0000000711d78e28) 
thrown [s\open\src\hotspot\share\interpreter\linkResolver.cpp, line 841]
Event: 0.417 Thread 0x0000020ab01e96a0 Exception <a 'java/lang/NoSuchMethodError'{0x0000000711da0518}: 'java.lang.Object java.lang.invoke.DirectMethodHandle$Holder.invokeStatic(java.lang.Object, java.lang.Object, int)'> (0x0000000711da0518) 
thrown [s\open\src\hotspot\share\interpreter\linkResolver.cpp, line 774]
Event: 0.424 Thread 0x0000020ab01e96a0 Exception <a 'java/lang/NoSuchMethodError'{0x0000000711a12e48}: 'void java.lang.invoke.DirectMethodHandle$Holder.invokeSpecial(java.lang.Object, java.lang.Object, java.lang.Object, java.lang.Object, java.lang.Object)'> (0x0000000711a12e48) 
thrown [s\open\src\hotspot\share\interpreter\linkResolver.cpp, line 774]
Event: 0.443 Thread 0x0000020ab01e96a0 Exception <a 'java/lang/NoSuchMethodError'{0x0000000711bf8fd0}: 'java.lang.Object java.lang.invoke.DirectMethodHandle$Holder.invokeStaticInit(java.lang.Object)'> (0x0000000711bf8fd0) 
thrown [s\open\src\hotspot\share\interpreter\linkResolver.cpp, line 774]
Event: 0.467 Thread 0x0000020ab01e96a0 Exception <a 'java/lang/NoSuchMethodError'{0x0000000711679c10}: 'long java.lang.invoke.DirectMethodHandle$Holder.invokeSpecial(java.lang.Object, java.lang.Object)'> (0x0000000711679c10) 
thrown [s\open\src\hotspot\share\interpreter\linkResolver.cpp, line 774]
Event: 0.467 Thread 0x0000020ab01e96a0 Exception <a 'java/lang/NoSuchMethodError'{0x000000071167d3d0}: 'long java.lang.invoke.Invokers$Holder.invokeExact_MT(java.lang.Object, java.lang.Object)'> (0x000000071167d3d0) 
thrown [s\open\src\hotspot\share\interpreter\linkResolver.cpp, line 774]
Event: 0.474 Thread 0x0000020ab01e96a0 Exception <a 'java/lang/NoSuchMethodError'{0x00000007116da858}: 'java.lang.Object java.lang.invoke.DirectMethodHandle$Holder.newInvokeSpecial(java.lang.Object, java.lang.Object, int)'> (0x00000007116da858) 
thrown [s\open\src\hotspot\share\interpreter\linkResolver.cpp, line 774]
Event: 0.480 Thread 0x0000020ab01e96a0 Exception <a 'java/lang/NoSuchMethodError'{0x0000000711747e58}: 'void java.lang.invoke.DirectMethodHandle$Holder.invokeInterface(java.lang.Object, java.lang.Object, java.lang.Object, java.lang.Object)'> (0x0000000711747e58) 
thrown [s\open\src\hotspot\share\interpreter\linkResolver.cpp, line 774]
Event: 0.480 Thread 0x0000020ab01e96a0 Exception <a 'java/lang/IncompatibleClassChangeError'{0x000000071174b5a8}: Found class java.lang.Object, but interface was expected> (0x000000071174b5a8) 
thrown [s\open\src\hotspot\share\interpreter\linkResolver.cpp, line 841]
Event: 0.483 Thread 0x0000020ab01e96a0 Exception <a 'java/lang/NoSuchMethodError'{0x000000071179a8e8}: 'void java.lang.invoke.DirectMethodHandle$Holder.invokeStatic(java.lang.Object, java.lang.Object, java.lang.Object, java.lang.Object)'> (0x000000071179a8e8) 
thrown [s\open\src\hotspot\share\interpreter\linkResolver.cpp, line 774]
Event: 0.491 Thread 0x0000020ab01e96a0 Exception <a 'java/lang/NoSuchMethodError'{0x00000007114646e8}: 'int java.lang.invoke.DirectMethodHandle$Holder.invokeStatic(java.lang.Object, java.lang.Object, java.lang.Object, java.lang.Object)'> (0x00000007114646e8) 
thrown [s\open\src\hotspot\share\interpreter\linkResolver.cpp, line 774]
Event: 0.491 Thread 0x0000020ab01e96a0 Exception <a 'java/lang/NoSuchMethodError'{0x0000000711468028}: 'java.lang.Object java.lang.invoke.Invokers$Holder.invokeExact_MT(java.lang.Object, java.lang.Object, java.lang.Object, java.lang.Object, java.lang.Object, java.lang.Object)'> (0x0000000711468028) 
thrown [s\open\src\hotspot\share\interpreter\linkResolver.cpp, line 774]
Event: 0.492 Thread 0x0000020ab01e96a0 Exception <a 'java/lang/NoSuchMethodError'{0x00000007114780e0}: 'int java.lang.invoke.DirectMethodHandle$Holder.invokeStatic(java.lang.Object, java.lang.Object, java.lang.Object, java.lang.Object, java.lang.Object)'> (0x00000007114780e0) 
thrown [s\open\src\hotspot\share\interpreter\linkResolver.cpp, line 774]
Event: 0.498 Thread 0x0000020ab01e96a0 Exception <a 'java/lang/NoSuchMethodError'{0x0000000711500ed8}: 'void java.lang.invoke.DirectMethodHandle$Holder.invokeStaticInit(java.lang.Object)'> (0x0000000711500ed8) 
thrown [s\open\src\hotspot\share\interpreter\linkResolver.cpp, line 774]
Event: 0.522 Thread 0x0000020ab01e96a0 Exception <a 'java/lang/NoSuchMethodError'{0x0000000711394778}: 'int java.lang.invoke.DirectMethodHandle$Holder.invokeStaticInit(java.lang.Object, java.lang.Object)'> (0x0000000711394778) 
thrown [s\open\src\hotspot\share\interpreter\linkResolver.cpp, line 774]
Event: 0.541 Thread 0x0000020ab01e96a0 Exception <a 'java/lang/NoSuchMethodError'{0x00000007110d77a8}: 'java.lang.Object java.lang.invoke.DirectMethodHandle$Holder.newInvokeSpecial(java.lang.Object, java.lang.Object, java.lang.Object, java.lang.Object, java.lang.Object, java.lang.Object, java.lang.Object)'> (0x00000007110d77a8) 
thrown [s\open\src\hotspot\share\interpreter\linkResolver.cpp, line 774]
Event: 0.542 Thread 0x0000020ab01e96a0 Exception <a 'java/lang/NoSuchMethodError'{0x00000007110ee080}: 'java.lang.Object java.lang.invoke.DirectMethodHandle$Holder.invokeInterface(java.lang.Object, java.lang.Object, java.lang.Object, java.lang.Object, java.lang.Object)'> (0x00000007110ee080) 
thrown [s\open\src\hotspot\share\interpreter\linkResolver.cpp, line 774]
Event: 0.542 Thread 0x0000020ab01e96a0 Exception <a 'java/lang/IncompatibleClassChangeError'{0x00000007110f1e90}: Found class java.lang.Object, but interface was expected> (0x00000007110f1e90) 
thrown [s\open\src\hotspot\share\interpreter\linkResolver.cpp, line 841]

VM Operations (20 events):
Event: 3.238 Executing VM operation: get/set locals
Event: 3.238 Executing VM operation: get/set locals done
Event: 3.238 Executing VM operation: get/set locals
Event: 3.238 Executing VM operation: get/set locals done
Event: 3.240 Executing VM operation: get/set locals
Event: 3.240 Executing VM operation: get/set locals done
Event: 3.241 Executing VM operation: get/set locals
Event: 3.241 Executing VM operation: get/set locals done
Event: 3.242 Executing VM operation: get/set locals
Event: 3.242 Executing VM operation: get/set locals done
Event: 3.243 Executing VM operation: get/set locals
Event: 3.243 Executing VM operation: get/set locals done
Event: 14.147 Executing VM operation: ChangeSingleStep
Event: 14.147 Executing VM operation: ChangeSingleStep done
Event: 14.147 Executing VM operation: ChangeSingleStep
Event: 14.147 Executing VM operation: ChangeSingleStep done
Event: 14.155 Executing VM operation: RedefineClasses
Event: 14.159 Executing VM operation: RedefineClasses done
Event: 14.162 Executing VM operation: ChangeSingleStep
Event: 14.162 Executing VM operation: ChangeSingleStep done

Events (18 events):
Event: 0.012 Thread 0x0000020ab01e96a0 Thread added: 0x0000020ab01e96a0
Event: 0.020 Thread 0x0000020ad34abaf0 Thread added: 0x0000020ad34abaf0
Event: 0.020 Thread 0x0000020ad34ac420 Thread added: 0x0000020ad34ac420
Event: 0.020 Thread 0x0000020ad34b0ff0 Thread added: 0x0000020ad34b0ff0
Event: 0.020 Thread 0x0000020ad34b1920 Thread added: 0x0000020ad34b1920
Event: 0.020 Thread 0x0000020ad34b6270 Thread added: 0x0000020ad34b6270
Event: 0.020 Thread 0x0000020ad34b9120 Thread added: 0x0000020ad34b9120
Event: 0.021 Thread 0x0000020ad34be6b0 Thread added: 0x0000020ad34be6b0
Event: 0.021 Thread 0x0000020ad7c099b0 Thread added: 0x0000020ad7c099b0
Event: 0.021 Thread 0x0000020ad34b8130 Thread added: 0x0000020ad34b8130
Event: 0.039 Thread 0x0000020ad34b7be0 Thread added: 0x0000020ad34b7be0
Event: 0.056 Thread 0x0000020ad7e19080 Thread added: 0x0000020ad7e19080
Event: 0.056 Thread 0x0000020ad7dbe9a0 Thread added: 0x0000020ad7dbe9a0
Event: 0.057 Thread 0x0000020ad7d5e140 Thread added: 0x0000020ad7d5e140
Event: 0.198 Thread 0x0000020ad34b8680 Thread added: 0x0000020ad34b8680
Event: 0.217 Thread 0x0000020ad8402770 Thread added: 0x0000020ad8402770
Event: 0.295 Thread 0x0000020ad34b7140 Thread added: 0x0000020ad34b7140
Event: 5.560 Thread 0x0000020ad8402770 Thread exited: 0x0000020ad8402770


Dynamic libraries:
0x00007ff68bb20000 - 0x00007ff68bb30000 	C:\Program Files\Java\jdk-19\bin\javaw.exe
0x00007ff8a37d0000 - 0x00007ff8a39e4000 	C:\WINDOWS\SYSTEM32\ntdll.dll
0x00007ff8a2030000 - 0x00007ff8a20f2000 	C:\WINDOWS\System32\KERNEL32.DLL
0x00007ff8a1140000 - 0x00007ff8a14e3000 	C:\WINDOWS\System32\KERNELBASE.dll
0x00007ff8a0db0000 - 0x00007ff8a0ec1000 	C:\WINDOWS\System32\ucrtbase.dll
0x00007ff896b40000 - 0x00007ff896b58000 	C:\Program Files\Java\jdk-19\bin\jli.dll
0x00007ff896b60000 - 0x00007ff896b7b000 	C:\Program Files\Java\jdk-19\bin\VCRUNTIME140.dll
0x00007ff8a22c0000 - 0x00007ff8a236e000 	C:\WINDOWS\System32\ADVAPI32.dll
0x00007ff8a1f80000 - 0x00007ff8a2027000 	C:\WINDOWS\System32\msvcrt.dll
0x00007ff8a1720000 - 0x00007ff8a17c4000 	C:\WINDOWS\System32\sechost.dll
0x00007ff8a3090000 - 0x00007ff8a31a7000 	C:\WINDOWS\System32\RPCRT4.dll
0x00007ff8a1d50000 - 0x00007ff8a1efb000 	C:\WINDOWS\System32\USER32.dll
0x00007ff8a1110000 - 0x00007ff8a1136000 	C:\WINDOWS\System32\win32u.dll
0x00007ff8941a0000 - 0x00007ff89442e000 	C:\WINDOWS\WinSxS\amd64_microsoft.windows.common-controls_6595b64144ccf1df_6.0.22621.1635_none_270f70857386168e\COMCTL32.dll
0x00007ff8a1900000 - 0x00007ff8a1929000 	C:\WINDOWS\System32\GDI32.dll
0x00007ff8a0f70000 - 0x00007ff8a1089000 	C:\WINDOWS\System32\gdi32full.dll
0x00007ff8a0ed0000 - 0x00007ff8a0f6a000 	C:\WINDOWS\System32\msvcp_win.dll
0x00007ff89b480000 - 0x00007ff89b48a000 	C:\WINDOWS\SYSTEM32\VERSION.dll
0x00007ff8a1640000 - 0x00007ff8a1671000 	C:\WINDOWS\System32\IMM32.DLL
0x00007ff896b30000 - 0x00007ff896b3c000 	C:\Program Files\Java\jdk-19\bin\vcruntime140_1.dll
0x00007ff896aa0000 - 0x00007ff896b2e000 	C:\Program Files\Java\jdk-19\bin\msvcp140.dll
0x00007ff84b580000 - 0x00007ff84c240000 	C:\Program Files\Java\jdk-19\bin\server\jvm.dll
0x00007ff892e00000 - 0x00007ff892e34000 	C:\WINDOWS\SYSTEM32\WINMM.dll
0x00007ff896a90000 - 0x00007ff896a99000 	C:\WINDOWS\SYSTEM32\WSOCK32.dll
0x00007ff8a1f00000 - 0x00007ff8a1f71000 	C:\WINDOWS\System32\WS2_32.dll
0x00007ff89fc90000 - 0x00007ff89fca8000 	C:\WINDOWS\SYSTEM32\kernel.appcore.dll
0x00007ff896a80000 - 0x00007ff896a8a000 	C:\Program Files\Java\jdk-19\bin\jimage.dll
0x00007ff892150000 - 0x00007ff89237e000 	C:\WINDOWS\SYSTEM32\DBGHELP.DLL
0x00007ff8a2370000 - 0x00007ff8a26f9000 	C:\WINDOWS\System32\combase.dll
0x00007ff8a31c0000 - 0x00007ff8a3297000 	C:\WINDOWS\System32\OLEAUT32.dll
0x00007ff88ae50000 - 0x00007ff88ae82000 	C:\WINDOWS\SYSTEM32\dbgcore.DLL
0x00007ff8a1090000 - 0x00007ff8a110b000 	C:\WINDOWS\System32\bcryptPrimitives.dll
0x00007ff892820000 - 0x00007ff89285c000 	C:\Program Files\Java\jdk-19\bin\jdwp.dll
0x00007ff89dfa0000 - 0x00007ff89dfae000 	C:\Program Files\Java\jdk-19\bin\instrument.dll
0x00007ff892ca0000 - 0x00007ff892cc6000 	C:\Program Files\Java\jdk-19\bin\java.dll
0x00007ff87ed90000 - 0x00007ff87ee67000 	C:\Program Files\Java\jdk-19\bin\jsvml.dll
0x00007ff8a2760000 - 0x00007ff8a2f5a000 	C:\WINDOWS\System32\SHELL32.dll
0x00007ff89ebd0000 - 0x00007ff89f49e000 	C:\WINDOWS\SYSTEM32\windows.storage.dll
0x00007ff89ea90000 - 0x00007ff89ebce000 	C:\WINDOWS\SYSTEM32\wintypes.dll
0x00007ff8a1c50000 - 0x00007ff8a1d41000 	C:\WINDOWS\System32\SHCORE.dll
0x00007ff8a1990000 - 0x00007ff8a19ee000 	C:\WINDOWS\System32\shlwapi.dll
0x00007ff8a0b00000 - 0x00007ff8a0b21000 	C:\WINDOWS\SYSTEM32\profapi.dll
0x00007ff899a80000 - 0x00007ff899a8c000 	C:\Program Files\Java\jdk-19\bin\dt_socket.dll
0x00007ff89f700000 - 0x00007ff89f72d000 	C:\WINDOWS\SYSTEM32\IPHLPAPI.DLL
0x00007ff8a0180000 - 0x00007ff8a01e9000 	C:\WINDOWS\system32\mswsock.dll
0x00007ff89f7c0000 - 0x00007ff89f8b3000 	C:\WINDOWS\SYSTEM32\DNSAPI.dll
0x00007ff8a2700000 - 0x00007ff8a2709000 	C:\WINDOWS\System32\NSI.dll
0x00007ff899b20000 - 0x00007ff899b2a000 	C:\Windows\System32\rasadhlp.dll
0x00007ff89a4b0000 - 0x00007ff89a534000 	C:\WINDOWS\System32\fwpuclnt.dll
0x00007ff88ba00000 - 0x00007ff88ba18000 	C:\Program Files\Java\jdk-19\bin\zip.dll
0x00007ff894180000 - 0x00007ff894193000 	C:\Program Files\Java\jdk-19\bin\net.dll
0x00007ff89b310000 - 0x00007ff89b447000 	C:\WINDOWS\SYSTEM32\WINHTTP.dll
0x00007ff8904b0000 - 0x00007ff8904c6000 	C:\Program Files\Java\jdk-19\bin\nio.dll
0x00007ff897560000 - 0x00007ff897570000 	C:\Program Files\Java\jdk-19\bin\verify.dll
0x00007ff89b490000 - 0x00007ff89b4a9000 	C:\WINDOWS\SYSTEM32\dhcpcsvc6.DLL
0x00007ff89b2f0000 - 0x00007ff89b30f000 	C:\WINDOWS\SYSTEM32\dhcpcsvc.DLL
0x00007ff896620000 - 0x00007ff896628000 	C:\Program Files\Java\jdk-19\bin\extnet.dll

dbghelp: loaded successfully - version: 4.0.5 - missing functions: none
symbol engine: initialized successfully - sym options: 0x614 - pdb path: .;C:\Program Files\Java\jdk-19\bin;C:\WINDOWS\SYSTEM32;C:\WINDOWS\WinSxS\amd64_microsoft.windows.common-controls_6595b64144ccf1df_6.0.22621.1635_none_270f70857386168e;C:\Program Files\Java\jdk-19\bin\server

VM Arguments:
jvm_args: -XX:+ShowCodeDetailsInExceptionMessages -agentlib:jdwp=transport=dt_socket,suspend=y,address=localhost:55793 -ea -javaagent:C:\Users\user\eclipse\jee-2022-12\eclipse\configuration\org.eclipse.osgi\420\0\.cp\lib\javaagent-shaded.jar -Dfile.encoding=UTF-8 
java_command: org.eclipse.jdt.internal.junit.runner.RemoteTestRunner -version 3 -port 55792 -testLoaderClass org.eclipse.jdt.internal.junit5.runner.JUnit5TestLoader -loaderpluginname org.eclipse.jdt.junit5.runtime -classNames entities.ProdutoTest
java_class_path (initial): C:\Users\user\Desktop\DS(Bradesco)\TDS23\JAVA\LOJAO\bin;C:\Users\user\.p2\pool\plugins\junit-jupiter-api_5.9.1.jar;C:\Users\user\.p2\pool\plugins\junit-jupiter-engine_5.9.1.jar;C:\Users\user\.p2\pool\plugins\junit-jupiter-migrationsupport_5.9.1.jar;C:\Users\user\.p2\pool\plugins\junit-jupiter-params_5.9.1.jar;C:\Users\user\.p2\pool\plugins\junit-platform-commons_1.9.1.jar;C:\Users\user\.p2\pool\plugins\junit-platform-engine_1.9.1.jar;C:\Users\user\.p2\pool\plugins\junit-platform-launcher_1.9.1.jar;C:\Users\user\.p2\pool\plugins\junit-platform-runner_1.9.1.jar;C:\Users\user\.p2\pool\plugins\junit-platform-suite-api_1.9.1.jar;C:\Users\user\.p2\pool\plugins\junit-platform-suite-engine_1.9.1.jar;C:\Users\user\.p2\pool\plugins\junit-platform-suite-commons_1.9.1.jar;C:\Users\user\.p2\pool\plugins\junit-vintage-engine_5.9.1.jar;C:\Users\user\.p2\pool\plugins\org.opentest4j_1.2.0.jar;C:\Users\user\.p2\pool\plugins\org.apiguardian.api_1.1.2.jar;C:\Users\user\.p2\pool\plugins\org.junit_4.13.2.v20211018-1956.jar;C:\Users\user\.p2\pool\plugins\org.hamcrest.core_1.3.0.v20180420-1519.jar;C:\Users\user\eclipse\jee-2022-12\eclipse\configuration\org.eclipse.osgi\419\0\.cp;C:\Users\user\eclipse\jee-2022-12\eclipse\configuration\org.eclipse.osgi\417\0\.cp
Launcher Type: SUN_STANDARD

[Global flags]
     intx CICompilerCount                          = 4                                         {product} {ergonomic}
     uint ConcGCThreads                            = 3                                         {product} {ergonomic}
     uint G1ConcRefinementThreads                  = 10                                        {product} {ergonomic}
   size_t G1HeapRegionSize                         = 2097152                                   {product} {ergonomic}
    uintx GCDrainStackTargetSize                   = 64                                        {product} {ergonomic}
   size_t InitialHeapSize                          = 266338304                                 {product} {ergonomic}
   size_t MarkStackSize                            = 4194304                                   {product} {ergonomic}
   size_t MaxHeapSize                              = 4261412864                                {product} {ergonomic}
   size_t MaxNewSize                               = 2556428288                                {product} {ergonomic}
   size_t MinHeapDeltaBytes                        = 2097152                                   {product} {ergonomic}
   size_t MinHeapSize                              = 8388608                                   {product} {ergonomic}
    uintx NonNMethodCodeHeapSize                   = 5839372                                {pd product} {ergonomic}
    uintx NonProfiledCodeHeapSize                  = 122909434                              {pd product} {ergonomic}
    uintx ProfiledCodeHeapSize                     = 122909434                              {pd product} {ergonomic}
    uintx ReservedCodeCacheSize                    = 251658240                              {pd product} {ergonomic}
     bool SegmentedCodeCache                       = true                                      {product} {ergonomic}
     bool ShowCodeDetailsInExceptionMessages       = true                                   {manageable} {command line}
   size_t SoftMaxHeapSize                          = 4261412864                             {manageable} {ergonomic}
     bool UseCompressedClassPointers               = true                           {product lp64_product} {ergonomic}
     bool UseCompressedOops                        = true                           {product lp64_product} {ergonomic}
     bool UseG1GC                                  = true                                      {product} {ergonomic}
     bool UseLargePagesIndividualAllocation        = false                                  {pd product} {ergonomic}

Logging:
Log output configuration:
 #0: stdout all=warning uptime,level,tags foldmultilines=false
 #1: stderr all=off uptime,level,tags foldmultilines=false

Environment Variables:
PATH=C:\Program Files\Common Files\Oracle\Java\javapath;C:\WINDOWS\system32;C:\WINDOWS;C:\WINDOWS\System32\Wbem;C:\WINDOWS\System32\WindowsPowerShell\v1.0\;C:\WINDOWS\System32\OpenSSH\;C:\ProgramData\UNIVALI\Portugol Studio;C:\Program Files\Git\cmd;C:\Program Files\Microsoft SQL Server\Client SDK\ODBC\170\Tools\Binn\;C:\Program Files (x86)\Microsoft SQL Server\150\Tools\Binn\;C:\Program Files\Microsoft SQL Server\150\Tools\Binn\;C:\Program Files\Microsoft SQL Server\150\DTS\Binn\;C:\Program Files (x86)\Microsoft SQL Server\160\DTS\Binn\;C:\Program Files\Azure Data Studio\bin;C:\Users\user\AppData\Local\Microsoft\WindowsApps;C:\Users\user\AppData\Local\Programs\Microsoft VS Code\bin;;C:\Program Files\Azure Data Studio\bin;C:\Program Files\Azure Data Studio\bin
USERNAME=user
OS=Windows_NT
PROCESSOR_IDENTIFIER=Intel64 Family 6 Model 165 Stepping 3, GenuineIntel
TMP=C:\Users\user\AppData\Local\Temp
TEMP=C:\Users\user\AppData\Local\Temp



---------------  S Y S T E M  ---------------

OS:
 Windows 11 , 64 bit Build 22621 (10.0.22621.1778)
OS uptime: 4 days 23:07 hours

CPU: total 12 (initial active 12) (6 cores per cpu, 2 threads per core) family 6 model 165 stepping 3 microcode 0xec, cx8, cmov, fxsr, ht, mmx, 3dnowpref, sse, sse2, sse3, ssse3, sse4.1, sse4.2, popcnt, lzcnt, tsc, tscinvbit, avx, avx2, aes, erms, clmul, bmi1, bmi2, adx, fma, vzeroupper, clflush, clflushopt, rdtscp

Memory: 4k page, system-wide physical 16251M (8731M free)
TotalPageFile size 18683M (AvailPageFile size 8058M)
current process WorkingSet (physical memory assigned to process): 74M, peak: 80M
current process commit charge ("private bytes"): 357M, peak: 364M

vm_info: Java HotSpot(TM) 64-Bit Server VM (19.0.1+10-21) for windows-amd64 JRE (19.0.1+10-21), built on 2022-09-14T12:45:06Z by "mach5one" with MS VC++ 17.1 (VS2022)

END.
